<?xml version="1.0" encoding="UTF-8"?>
<testsuite xmlns:xsi="http://www.w3.org/2001/XMLSchema-instance" xsi:noNamespaceSchemaLocation="https://maven.apache.org/surefire/maven-surefire-plugin/xsd/surefire-test-report.xsd" name="test.SustiTest" time="2.122" tests="2" errors="0" skipped="0" failures="0">
  <properties>
    <property name="sun.desktop" value="windows"/>
    <property name="awt.toolkit" value="sun.awt.windows.WToolkit"/>
    <property name="java.specification.version" value="11"/>
    <property name="sun.cpu.isalist" value="amd64"/>
    <property name="sun.jnu.encoding" value="Cp1252"/>
    <property name="java.class.path" value="C:\Users\eprin\Documents\UTEC\software\sustisoftware\target\test-classes;C:\Users\eprin\Documents\UTEC\software\sustisoftware\target\classes;C:\Users\eprin\.m2\repository\org\testng\testng\7.3.0\testng-7.3.0.jar;C:\Users\eprin\.m2\repository\com\beust\jcommander\1.78\jcommander-1.78.jar;C:\Users\eprin\.m2\repository\org\apache\ant\ant\1.10.3\ant-1.10.3.jar;C:\Users\eprin\.m2\repository\org\apache\ant\ant-launcher\1.10.3\ant-launcher-1.10.3.jar;C:\Users\eprin\.m2\repository\junit\junit\4.12\junit-4.12.jar;C:\Users\eprin\.m2\repository\org\hamcrest\hamcrest-core\1.3\hamcrest-core-1.3.jar;C:\Users\eprin\.m2\repository\com\google\inject\guice\4.2.2\guice-4.2.2-no_aop.jar;C:\Users\eprin\.m2\repository\javax\inject\javax.inject\1\javax.inject-1.jar;C:\Users\eprin\.m2\repository\aopalliance\aopalliance\1.0\aopalliance-1.0.jar;C:\Users\eprin\.m2\repository\com\google\guava\guava\25.1-android\guava-25.1-android.jar;C:\Users\eprin\.m2\repository\com\google\code\findbugs\jsr305\3.0.2\jsr305-3.0.2.jar;C:\Users\eprin\.m2\repository\org\checkerframework\checker-compat-qual\2.0.0\checker-compat-qual-2.0.0.jar;C:\Users\eprin\.m2\repository\com\google\errorprone\error_prone_annotations\2.1.3\error_prone_annotations-2.1.3.jar;C:\Users\eprin\.m2\repository\com\google\j2objc\j2objc-annotations\1.1\j2objc-annotations-1.1.jar;C:\Users\eprin\.m2\repository\org\codehaus\mojo\animal-sniffer-annotations\1.14\animal-sniffer-annotations-1.14.jar;C:\Users\eprin\.m2\repository\org\yaml\snakeyaml\1.21\snakeyaml-1.21.jar;"/>
    <property name="java.vm.vendor" value="Oracle Corporation"/>
    <property name="sun.arch.data.model" value="64"/>
    <property name="user.variant" value=""/>
    <property name="java.vendor.url" value="https://openjdk.java.net/"/>
    <property name="user.timezone" value="America/Bogota"/>
    <property name="user.country.format" value="PE"/>
    <property name="java.vm.specification.version" value="11"/>
    <property name="os.name" value="Windows 10"/>
    <property name="sun.java.launcher" value="SUN_STANDARD"/>
    <property name="user.country" value="US"/>
    <property name="sun.boot.library.path" value="C:\Program Files\Java\jdk-11.0.10\bin"/>
    <property name="sun.java.command" value="C:\Users\eprin\AppData\Local\Temp\surefire12339344589954598517\surefirebooter17848172472954142528.jar C:\Users\eprin\AppData\Local\Temp\surefire12339344589954598517 2021-08-07T17-46-29_484-jvmRun1 surefire16802058669755491019tmp surefire_07946659715199976449tmp"/>
    <property name="jdk.debug" value="release"/>
    <property name="surefire.test.class.path" value="C:\Users\eprin\Documents\UTEC\software\sustisoftware\target\test-classes;C:\Users\eprin\Documents\UTEC\software\sustisoftware\target\classes;C:\Users\eprin\.m2\repository\org\testng\testng\7.3.0\testng-7.3.0.jar;C:\Users\eprin\.m2\repository\com\beust\jcommander\1.78\jcommander-1.78.jar;C:\Users\eprin\.m2\repository\org\apache\ant\ant\1.10.3\ant-1.10.3.jar;C:\Users\eprin\.m2\repository\org\apache\ant\ant-launcher\1.10.3\ant-launcher-1.10.3.jar;C:\Users\eprin\.m2\repository\junit\junit\4.12\junit-4.12.jar;C:\Users\eprin\.m2\repository\org\hamcrest\hamcrest-core\1.3\hamcrest-core-1.3.jar;C:\Users\eprin\.m2\repository\com\google\inject\guice\4.2.2\guice-4.2.2-no_aop.jar;C:\Users\eprin\.m2\repository\javax\inject\javax.inject\1\javax.inject-1.jar;C:\Users\eprin\.m2\repository\aopalliance\aopalliance\1.0\aopalliance-1.0.jar;C:\Users\eprin\.m2\repository\com\google\guava\guava\25.1-android\guava-25.1-android.jar;C:\Users\eprin\.m2\repository\com\google\code\findbugs\jsr305\3.0.2\jsr305-3.0.2.jar;C:\Users\eprin\.m2\repository\org\checkerframework\checker-compat-qual\2.0.0\checker-compat-qual-2.0.0.jar;C:\Users\eprin\.m2\repository\com\google\errorprone\error_prone_annotations\2.1.3\error_prone_annotations-2.1.3.jar;C:\Users\eprin\.m2\repository\com\google\j2objc\j2objc-annotations\1.1\j2objc-annotations-1.1.jar;C:\Users\eprin\.m2\repository\org\codehaus\mojo\animal-sniffer-annotations\1.14\animal-sniffer-annotations-1.14.jar;C:\Users\eprin\.m2\repository\org\yaml\snakeyaml\1.21\snakeyaml-1.21.jar;"/>
    <property name="sun.cpu.endian" value="little"/>
    <property name="user.home" value="C:\Users\eprin"/>
    <property name="user.language" value="en"/>
    <property name="java.specification.vendor" value="Oracle Corporation"/>
    <property name="java.version.date" value="2021-01-19"/>
    <property name="java.home" value="C:\Program Files\Java\jdk-11.0.10"/>
    <property name="file.separator" value="\"/>
    <property name="basedir" value="C:\Users\eprin\Documents\UTEC\software\sustisoftware"/>
    <property name="java.vm.compressedOopsMode" value="32-bit"/>
    <property name="line.separator" value="&#10;"/>
    <property name="java.specification.name" value="Java Platform API Specification"/>
    <property name="java.vm.specification.vendor" value="Oracle Corporation"/>
    <property name="java.awt.graphicsenv" value="sun.awt.Win32GraphicsEnvironment"/>
    <property name="surefire.real.class.path" value="C:\Users\eprin\AppData\Local\Temp\surefire12339344589954598517\surefirebooter17848172472954142528.jar"/>
    <property name="user.script" value=""/>
    <property name="sun.management.compiler" value="HotSpot 64-Bit Tiered Compilers"/>
    <property name="java.runtime.version" value="11.0.10+8-LTS-162"/>
    <property name="user.name" value="eprin"/>
    <property name="path.separator" value=";"/>
    <property name="os.version" value="10.0"/>
    <property name="java.runtime.name" value="Java(TM) SE Runtime Environment"/>
    <property name="file.encoding" value="Cp1252"/>
    <property name="java.vm.name" value="Java HotSpot(TM) 64-Bit Server VM"/>
    <property name="java.vendor.version" value="18.9"/>
    <property name="localRepository" value="C:\Users\eprin\.m2\repository"/>
    <property name="java.vendor.url.bug" value="https://bugreport.java.com/bugreport/"/>
    <property name="java.io.tmpdir" value="C:\Users\eprin\AppData\Local\Temp\"/>
    <property name="java.version" value="11.0.10"/>
    <property name="user.dir" value="C:\Users\eprin\Documents\UTEC\software\sustisoftware"/>
    <property name="os.arch" value="amd64"/>
    <property name="java.vm.specification.name" value="Java Virtual Machine Specification"/>
    <property name="java.awt.printerjob" value="sun.awt.windows.WPrinterJob"/>
    <property name="user.language.format" value="es"/>
    <property name="sun.os.patch.level" value=""/>
    <property name="java.library.path" value="C:\Program Files\Java\jdk-11.0.10\bin;C:\Windows\Sun\Java\bin;C:\Windows\system32;C:\Windows;C:\Program Files\Python37\Scripts\;C:\Program Files\Python37\;C:\Program Files\Common Files\Oracle\Java\javapath;C:\Program Files\Python39\Scripts\;C:\Program Files\Python39\;C:\Program Files (x86)\VMware\VMware Player\bin\;C:\Windows\system32;C:\Windows;C:\Windows\System32\Wbem;C:\Windows\System32\WindowsPowerShell\v1.0\;C:\Windows\System32\OpenSSH\;C:\Program Files\NVIDIA Corporation\NVIDIA NvDLISR;C:\Program Files\Git\cmd;C:\ProgramData\chocolatey\bin;C:\Program Files\Amazon\AWSCLIV2\;C:\Program Files\Docker\Docker\resources\bin;C:\ProgramData\DockerDesktop\version-bin;C:\Program Files\Java\jdk-11.0.10\bin;C:\Program Files\PostgreSQL\13\bin;C:\Users\eprin\AppData\Local\Programs\Microsoft VS Code\bin;C:\MinGW\bin;C:\mongodb-win32-x86_64-windows-4.4.4\bin;C:\Program Files\MySQL\MySQL Server 8.0\bin;C:\Program Files\Java\jdk-11.0.10\bin;C:\apache-maven-3.8.1\bin;C:\Program Files (x86)\GnuWin32\bin;C:\Users\eprin\AppData\Roaming\Python\Python37\Scripts;C:\Program Files (x86)\Vim\vim82;C:\Program Files\nodejs\;C:\Program Files\MATLAB\R2021a\bin;C:\Program Files\Java\jdk-11.0.10;C:\Users\eprin\AppData\Local\Programs\Microsoft VS Code\bin;C:\Users\eprin\AppData\Roaming\npm;C:\sonar-scanner-4.4.0.2170-windows\bin;;."/>
    <property name="java.vendor" value="Oracle Corporation"/>
    <property name="java.vm.info" value="mixed mode"/>
    <property name="java.vm.version" value="11.0.10+8-LTS-162"/>
    <property name="sun.io.unicode.encoding" value="UnicodeLittle"/>
    <property name="java.class.version" value="55.0"/>
  </properties>
  <testcase name="test02" classname="test.SustiTest" time="0.229"/>
  <testcase name="test1" classname="test.SustiTest" time="0.552"/>
</testsuite>