<?xml version="1.0" encoding="UTF-8"?>
<!-- Generated by org.testng.reporters.JUnitReportReporter -->
<testsuite hostname="DESKTOP-K4ASFF1" failures="0" tests="2" name="test.SustiTest" time="0.177" errors="0" timestamp="2021-08-07T17:46:32 COT" skipped="0">
  <testcase classname="test.SustiTest" name="test1" time="0.014"/>
  <system-out/>
  <testcase classname="test.SustiTest" name="test02" time="0.163"/>
  <system-out/>
</testsuite> <!-- test.SustiTest -->
